<?xml version="1.0" encoding="utf-8"?>
<test-run id="2" name="Generics.BinaryTree.exe" fullname="D:/Prog/programming2020/CS/Binary/bin/Debug/Generics.BinaryTree.exe" testcasecount="8" result="Passed" start-time="2021-03-18 14:06:47Z" end-time="2021-03-18 14:06:48Z" duration="1.172454" total="8" passed="8" failed="0" inconclusive="0" skipped="0" asserts="10" random-seed="448134783">
  <command-line><![CDATA["D:\Prog\programming2020\CS\Binary\bin\Debug\Generics.BinaryTree.exe"   ]]></command-line>
  <filter />
  <test-suite type="Assembly" id="1009" name="Generics.BinaryTree.exe" fullname="D:/Prog/programming2020/CS/Binary/bin/Debug/Generics.BinaryTree.exe" runstate="Runnable" testcasecount="8" result="Passed" start-time="2021-03-18 14:06:47Z" end-time="2021-03-18 14:06:48Z" duration="1.172454" total="8" passed="8" failed="0" warnings="0" inconclusive="0" skipped="0" asserts="10">
    <environment framework-version="3.6.0.0" clr-version="4.0.30319.42000" os-version="Microsoft Windows NT 6.2.9200.0" platform="Win32NT" cwd="D:\Prog\programming2020\CS\Binary\bin\Debug" machine-name="HOME" user="Михаил" user-domain="home" culture="ru-RU" uiculture="ru-RU" os-architecture="x86" />
    <settings>
      <setting name="WorkDirectory" value="D:\Prog\programming2020\CS\Binary\bin\Debug" />
      <setting name="NumberOfTestWorkers" value="4" />
    </settings>
    <properties>
      <property name="_PID" value="8780" />
      <property name="_APPDOMAIN" value="Generics.BinaryTree.exe" />
    </properties>
    <test-suite type="TestSuite" id="1010" name="Generics" fullname="Generics" runstate="Runnable" testcasecount="8" result="Passed" start-time="2021-03-18 14:06:47Z" end-time="2021-03-18 14:06:48Z" duration="1.129621" total="8" passed="8" failed="0" warnings="0" inconclusive="0" skipped="0" asserts="10">
      <test-suite type="TestSuite" id="1011" name="BinaryTrees" fullname="Generics.BinaryTrees" runstate="Runnable" testcasecount="8" result="Passed" start-time="2021-03-18 14:06:47Z" end-time="2021-03-18 14:06:48Z" duration="1.125759" total="8" passed="8" failed="0" warnings="0" inconclusive="0" skipped="0" asserts="10">
        <test-suite type="TestFixture" id="1000" name="BinaryTree_should" fullname="Generics.BinaryTrees.BinaryTree_should" classname="Generics.BinaryTrees.BinaryTree_should" runstate="Runnable" testcasecount="8" result="Passed" start-time="2021-03-18 14:06:47Z" end-time="2021-03-18 14:06:48Z" duration="1.113929" total="8" passed="8" failed="0" warnings="0" inconclusive="0" skipped="0" asserts="10">
          <test-case id="1001" name="BeEmptyWhenCreated" fullname="Generics.BinaryTrees.BinaryTree_should.BeEmptyWhenCreated" methodname="BeEmptyWhenCreated" classname="Generics.BinaryTrees.BinaryTree_should" runstate="Runnable" seed="324150973" result="Passed" start-time="2021-03-18 14:06:47Z" end-time="2021-03-18 14:06:47Z" duration="0.070868" asserts="1" />
          <test-case id="1007" name="CanStoreDefaultValueOfT" fullname="Generics.BinaryTrees.BinaryTree_should.CanStoreDefaultValueOfT" methodname="CanStoreDefaultValueOfT" classname="Generics.BinaryTrees.BinaryTree_should" runstate="Runnable" seed="139415072" result="Passed" start-time="2021-03-18 14:06:47Z" end-time="2021-03-18 14:06:47Z" duration="0.009585" asserts="1" />
          <test-case id="1008" name="EnumerationIsLazy" fullname="Generics.BinaryTrees.BinaryTree_should.EnumerationIsLazy" methodname="EnumerationIsLazy" classname="Generics.BinaryTrees.BinaryTree_should" runstate="Runnable" seed="1313106635" result="Passed" start-time="2021-03-18 14:06:47Z" end-time="2021-03-18 14:06:48Z" duration="0.961728" asserts="0" />
          <test-case id="1005" name="InitializeFromAnArrayAndSort1" fullname="Generics.BinaryTrees.BinaryTree_should.InitializeFromAnArrayAndSort1" methodname="InitializeFromAnArrayAndSort1" classname="Generics.BinaryTrees.BinaryTree_should" runstate="Runnable" seed="713677381" result="Passed" start-time="2021-03-18 14:06:48Z" end-time="2021-03-18 14:06:48Z" duration="0.000919" asserts="1" />
          <test-case id="1006" name="InitializeFromAnArrayAndSort2" fullname="Generics.BinaryTrees.BinaryTree_should.InitializeFromAnArrayAndSort2" methodname="InitializeFromAnArrayAndSort2" classname="Generics.BinaryTrees.BinaryTree_should" runstate="Runnable" seed="631991668" result="Passed" start-time="2021-03-18 14:06:48Z" end-time="2021-03-18 14:06:48Z" duration="0.000787" asserts="1" />
          <test-case id="1003" name="PlaceEqualElementToLeft" fullname="Generics.BinaryTrees.BinaryTree_should.PlaceEqualElementToLeft" methodname="PlaceEqualElementToLeft" classname="Generics.BinaryTrees.BinaryTree_should" runstate="Runnable" seed="588022083" result="Passed" start-time="2021-03-18 14:06:48Z" end-time="2021-03-18 14:06:48Z" duration="0.001500" asserts="2" />
          <test-case id="1004" name="PlaceGreaterElementToRight" fullname="Generics.BinaryTrees.BinaryTree_should.PlaceGreaterElementToRight" methodname="PlaceGreaterElementToRight" classname="Generics.BinaryTrees.BinaryTree_should" runstate="Runnable" seed="2110677806" result="Passed" start-time="2021-03-18 14:06:48Z" end-time="2021-03-18 14:06:48Z" duration="0.000938" asserts="2" />
          <test-case id="1002" name="PlaceLesserElementToLeft" fullname="Generics.BinaryTrees.BinaryTree_should.PlaceLesserElementToLeft" methodname="PlaceLesserElementToLeft" classname="Generics.BinaryTrees.BinaryTree_should" runstate="Runnable" seed="1292147834" result="Passed" start-time="2021-03-18 14:06:48Z" end-time="2021-03-18 14:06:48Z" duration="0.000926" asserts="2" />
        </test-suite>
      </test-suite>
    </test-suite>
  </test-suite>
</test-run>