<?xml version="1.0" encoding="utf-8"?>
<test-run id="2" name="Inheritance.MapObjects.exe" fullname="D:/Prog/programming2020/CS/HoMM/bin/Debug/Inheritance.MapObjects.exe" testcasecount="6" result="Passed" start-time="2021-03-09 07:36:28Z" end-time="2021-03-09 07:36:28Z" duration="0.080911" total="6" passed="6" failed="0" inconclusive="0" skipped="0" asserts="15" random-seed="1702627299">
  <command-line><![CDATA["D:\Prog\programming2020\CS\HoMM\bin\Debug\Inheritance.MapObjects.exe"   ]]></command-line>
  <filter />
  <test-suite type="Assembly" id="1007" name="Inheritance.MapObjects.exe" fullname="D:/Prog/programming2020/CS/HoMM/bin/Debug/Inheritance.MapObjects.exe" runstate="Runnable" testcasecount="6" result="Passed" start-time="2021-03-09 07:36:28Z" end-time="2021-03-09 07:36:28Z" duration="0.080911" total="6" passed="6" failed="0" warnings="0" inconclusive="0" skipped="0" asserts="15">
    <environment framework-version="3.6.0.0" clr-version="4.0.30319.42000" os-version="Microsoft Windows NT 6.2.9200.0" platform="Win32NT" cwd="D:\Prog\programming2020\CS\HoMM\bin\Debug" machine-name="HOME" user="Михаил" user-domain="home" culture="ru-RU" uiculture="ru-RU" os-architecture="x86" />
    <settings>
      <setting name="WorkDirectory" value="D:\Prog\programming2020\CS\HoMM\bin\Debug" />
      <setting name="NumberOfTestWorkers" value="4" />
    </settings>
    <properties>
      <property name="_PID" value="3124" />
      <property name="_APPDOMAIN" value="Inheritance.MapObjects.exe" />
    </properties>
    <test-suite type="TestSuite" id="1008" name="Inheritance" fullname="Inheritance" runstate="Runnable" testcasecount="6" result="Passed" start-time="2021-03-09 07:36:28Z" end-time="2021-03-09 07:36:28Z" duration="0.065069" total="6" passed="6" failed="0" warnings="0" inconclusive="0" skipped="0" asserts="15">
      <test-suite type="TestSuite" id="1009" name="MapObjects" fullname="Inheritance.MapObjects" runstate="Runnable" testcasecount="6" result="Passed" start-time="2021-03-09 07:36:28Z" end-time="2021-03-09 07:36:28Z" duration="0.061156" total="6" passed="6" failed="0" warnings="0" inconclusive="0" skipped="0" asserts="15">
        <test-suite type="TestFixture" id="1000" name="Player_should" fullname="Inheritance.MapObjects.Player_should" classname="Inheritance.MapObjects.Player_should" runstate="Runnable" testcasecount="6" result="Passed" start-time="2021-03-09 07:36:28Z" end-time="2021-03-09 07:36:28Z" duration="0.055722" total="6" passed="6" failed="0" warnings="0" inconclusive="0" skipped="0" asserts="15">
          <test-case id="1002" name="BeatWeakCreepsAndCollectTreasure" fullname="Inheritance.MapObjects.Player_should.BeatWeakCreepsAndCollectTreasure" methodname="BeatWeakCreepsAndCollectTreasure" classname="Inheritance.MapObjects.Player_should" runstate="Runnable" seed="1511919259" result="Passed" start-time="2021-03-09 07:36:28Z" end-time="2021-03-09 07:36:28Z" duration="0.022059" asserts="2" />
          <test-case id="1005" name="BeatWeakGuardAndOwnDwelling" fullname="Inheritance.MapObjects.Player_should.BeatWeakGuardAndOwnDwelling" methodname="BeatWeakGuardAndOwnDwelling" classname="Inheritance.MapObjects.Player_should" runstate="Runnable" seed="1012913488" result="Passed" start-time="2021-03-09 07:36:28Z" end-time="2021-03-09 07:36:28Z" duration="0.000843" asserts="3" />
          <test-case id="1003" name="LoseToPowerfulCreeps" fullname="Inheritance.MapObjects.Player_should.LoseToPowerfulCreeps" methodname="LoseToPowerfulCreeps" classname="Inheritance.MapObjects.Player_should" runstate="Runnable" seed="1296440001" result="Passed" start-time="2021-03-09 07:36:28Z" end-time="2021-03-09 07:36:28Z" duration="0.002452" asserts="2" />
          <test-case id="1006" name="LoseToPowerfulGuard" fullname="Inheritance.MapObjects.Player_should.LoseToPowerfulGuard" methodname="LoseToPowerfulGuard" classname="Inheritance.MapObjects.Player_should" runstate="Runnable" seed="722189474" result="Passed" start-time="2021-03-09 07:36:28Z" end-time="2021-03-09 07:36:28Z" duration="0.000477" asserts="3" />
          <test-case id="1004" name="OwnDwelling" fullname="Inheritance.MapObjects.Player_should.OwnDwelling" methodname="OwnDwelling" classname="Inheritance.MapObjects.Player_should" runstate="Runnable" seed="1656457371" result="Passed" start-time="2021-03-09 07:36:28Z" end-time="2021-03-09 07:36:28Z" duration="0.000485" asserts="3" />
          <test-case id="1001" name="TakeResources" fullname="Inheritance.MapObjects.Player_should.TakeResources" methodname="TakeResources" classname="Inheritance.MapObjects.Player_should" runstate="Runnable" seed="1502405066" result="Passed" start-time="2021-03-09 07:36:28Z" end-time="2021-03-09 07:36:28Z" duration="0.000459" asserts="2" />
        </test-suite>
      </test-suite>
    </test-suite>
  </test-suite>
</test-run>