<?xml version="1.0" encoding="utf-8"?>
<test-run id="2" name="Generics.Table.exe" fullname="D:/Prog/programming2020/CS/NewTable/bin/Debug/Generics.Table.exe" testcasecount="14" result="Passed" start-time="2021-03-18 10:38:49Z" end-time="2021-03-18 10:38:50Z" duration="0.153514" total="14" passed="14" failed="0" inconclusive="0" skipped="0" asserts="24" random-seed="671551885">
  <command-line><![CDATA["D:\Prog\programming2020\CS\NewTable\bin\Debug\Generics.Table.exe"   ]]></command-line>
  <filter />
  <test-suite type="Assembly" id="1017" name="Generics.Table.exe" fullname="D:/Prog/programming2020/CS/NewTable/bin/Debug/Generics.Table.exe" runstate="Runnable" testcasecount="14" result="Passed" start-time="2021-03-18 10:38:49Z" end-time="2021-03-18 10:38:50Z" duration="0.153514" total="14" passed="14" failed="0" warnings="0" inconclusive="0" skipped="0" asserts="24">
    <environment framework-version="3.6.0.0" clr-version="4.0.30319.42000" os-version="Microsoft Windows NT 6.2.9200.0" platform="Win32NT" cwd="D:\Prog\programming2020\CS\NewTable\bin\Debug" machine-name="HOME" user="Михаил" user-domain="home" culture="ru-RU" uiculture="ru-RU" os-architecture="x86" />
    <settings>
      <setting name="WorkDirectory" value="D:\Prog\programming2020\CS\NewTable\bin\Debug" />
      <setting name="NumberOfTestWorkers" value="4" />
    </settings>
    <properties>
      <property name="_PID" value="7376" />
      <property name="_APPDOMAIN" value="Generics.Table.exe" />
    </properties>
    <test-suite type="TestSuite" id="1018" name="Generics" fullname="Generics" runstate="Runnable" testcasecount="14" result="Passed" start-time="2021-03-18 10:38:49Z" end-time="2021-03-18 10:38:50Z" duration="0.141623" total="14" passed="14" failed="0" warnings="0" inconclusive="0" skipped="0" asserts="24">
      <test-suite type="TestSuite" id="1019" name="Tables" fullname="Generics.Tables" runstate="Runnable" testcasecount="14" result="Passed" start-time="2021-03-18 10:38:49Z" end-time="2021-03-18 10:38:50Z" duration="0.138126" total="14" passed="14" failed="0" warnings="0" inconclusive="0" skipped="0" asserts="24">
        <test-suite type="TestFixture" id="1013" name="TableBothIndices_should" fullname="Generics.Tables.TableBothIndices_should" classname="Generics.Tables.TableBothIndices_should" runstate="Runnable" testcasecount="3" result="Passed" start-time="2021-03-18 10:38:49Z" end-time="2021-03-18 10:38:49Z" duration="0.073611" total="3" passed="3" failed="0" warnings="0" inconclusive="0" skipped="0" asserts="3">
          <test-case id="1014" name="WorkTogether1" fullname="Generics.Tables.TableBothIndices_should.WorkTogether1" methodname="WorkTogether1" classname="Generics.Tables.TableBothIndices_should" runstate="Runnable" seed="2029901985" result="Passed" start-time="2021-03-18 10:38:49Z" end-time="2021-03-18 10:38:49Z" duration="0.030325" asserts="1" />
          <test-case id="1015" name="WorkTogether2" fullname="Generics.Tables.TableBothIndices_should.WorkTogether2" methodname="WorkTogether2" classname="Generics.Tables.TableBothIndices_should" runstate="Runnable" seed="546544733" result="Passed" start-time="2021-03-18 10:38:49Z" end-time="2021-03-18 10:38:49Z" duration="0.001013" asserts="1" />
          <test-case id="1016" name="WorkTogether3" fullname="Generics.Tables.TableBothIndices_should.WorkTogether3" methodname="WorkTogether3" classname="Generics.Tables.TableBothIndices_should" runstate="Runnable" seed="1844495513" result="Passed" start-time="2021-03-18 10:38:49Z" end-time="2021-03-18 10:38:49Z" duration="0.024547" asserts="1" />
        </test-suite>
        <test-suite type="TestFixture" id="1006" name="TableExistedIndex_should" fullname="Generics.Tables.TableExistedIndex_should" classname="Generics.Tables.TableExistedIndex_should" runstate="Runnable" testcasecount="6" result="Passed" start-time="2021-03-18 10:38:49Z" end-time="2021-03-18 10:38:50Z" duration="0.024021" total="6" passed="6" failed="0" warnings="0" inconclusive="0" skipped="0" asserts="6">
          <test-case id="1008" name="FailIfGettingFromNonExistingColumn" fullname="Generics.Tables.TableExistedIndex_should.FailIfGettingFromNonExistingColumn" methodname="FailIfGettingFromNonExistingColumn" classname="Generics.Tables.TableExistedIndex_should" runstate="Runnable" seed="2000121826" result="Passed" start-time="2021-03-18 10:38:49Z" end-time="2021-03-18 10:38:49Z" duration="0.000557" asserts="1" />
          <test-case id="1007" name="FailIfGettingFromNonExistingRow" fullname="Generics.Tables.TableExistedIndex_should.FailIfGettingFromNonExistingRow" methodname="FailIfGettingFromNonExistingRow" classname="Generics.Tables.TableExistedIndex_should" runstate="Runnable" seed="1690438288" result="Passed" start-time="2021-03-18 10:38:49Z" end-time="2021-03-18 10:38:49Z" duration="0.000499" asserts="1" />
          <test-case id="1010" name="FailIfSettingToNonExistingColumn" fullname="Generics.Tables.TableExistedIndex_should.FailIfSettingToNonExistingColumn" methodname="FailIfSettingToNonExistingColumn" classname="Generics.Tables.TableExistedIndex_should" runstate="Runnable" seed="1712909386" result="Passed" start-time="2021-03-18 10:38:49Z" end-time="2021-03-18 10:38:49Z" duration="0.000425" asserts="1" />
          <test-case id="1009" name="FailIfSettingToNonExistingRow" fullname="Generics.Tables.TableExistedIndex_should.FailIfSettingToNonExistingRow" methodname="FailIfSettingToNonExistingRow" classname="Generics.Tables.TableExistedIndex_should" runstate="Runnable" seed="155058184" result="Passed" start-time="2021-03-18 10:38:49Z" end-time="2021-03-18 10:38:49Z" duration="0.000547" asserts="1" />
          <test-case id="1012" name="GetDefaultIfNoValueSet" fullname="Generics.Tables.TableExistedIndex_should.GetDefaultIfNoValueSet" methodname="GetDefaultIfNoValueSet" classname="Generics.Tables.TableExistedIndex_should" runstate="Runnable" seed="147609589" result="Passed" start-time="2021-03-18 10:38:49Z" end-time="2021-03-18 10:38:49Z" duration="0.000241" asserts="1" />
          <test-case id="1011" name="SetToExistedRowAndColumn" fullname="Generics.Tables.TableExistedIndex_should.SetToExistedRowAndColumn" methodname="SetToExistedRowAndColumn" classname="Generics.Tables.TableExistedIndex_should" runstate="Runnable" seed="535183496" result="Passed" start-time="2021-03-18 10:38:50Z" end-time="2021-03-18 10:38:50Z" duration="0.000273" asserts="1" />
        </test-suite>
        <test-suite type="TestFixture" id="1000" name="TableOpenIndex_should" fullname="Generics.Tables.TableOpenIndex_should" classname="Generics.Tables.TableOpenIndex_should" runstate="Runnable" testcasecount="5" result="Passed" start-time="2021-03-18 10:38:50Z" end-time="2021-03-18 10:38:50Z" duration="0.028040" total="5" passed="5" failed="0" warnings="0" inconclusive="0" skipped="0" asserts="15">
          <test-case id="1001" name="AddColumnsAndRows" fullname="Generics.Tables.TableOpenIndex_should.AddColumnsAndRows" methodname="AddColumnsAndRows" classname="Generics.Tables.TableOpenIndex_should" runstate="Runnable" seed="863830367" result="Passed" start-time="2021-03-18 10:38:50Z" end-time="2021-03-18 10:38:50Z" duration="0.008931" asserts="3" />
          <test-case id="1002" name="DontAddExistedColumnsAndRows1" fullname="Generics.Tables.TableOpenIndex_should.DontAddExistedColumnsAndRows1" methodname="DontAddExistedColumnsAndRows1" classname="Generics.Tables.TableOpenIndex_should" runstate="Runnable" seed="1847494456" result="Passed" start-time="2021-03-18 10:38:50Z" end-time="2021-03-18 10:38:50Z" duration="0.000363" asserts="3" />
          <test-case id="1003" name="DontAddExistedColumnsAndRows2" fullname="Generics.Tables.TableOpenIndex_should.DontAddExistedColumnsAndRows2" methodname="DontAddExistedColumnsAndRows2" classname="Generics.Tables.TableOpenIndex_should" runstate="Runnable" seed="2102367912" result="Passed" start-time="2021-03-18 10:38:50Z" end-time="2021-03-18 10:38:50Z" duration="0.000398" asserts="3" />
          <test-case id="1004" name="ReturnDefaultIfNoValueSet1" fullname="Generics.Tables.TableOpenIndex_should.ReturnDefaultIfNoValueSet1" methodname="ReturnDefaultIfNoValueSet1" classname="Generics.Tables.TableOpenIndex_should" runstate="Runnable" seed="2046976075" result="Passed" start-time="2021-03-18 10:38:50Z" end-time="2021-03-18 10:38:50Z" duration="0.000320" asserts="3" />
          <test-case id="1005" name="ReturnDefaultIfNoValueSet2" fullname="Generics.Tables.TableOpenIndex_should.ReturnDefaultIfNoValueSet2" methodname="ReturnDefaultIfNoValueSet2" classname="Generics.Tables.TableOpenIndex_should" runstate="Runnable" seed="1583764130" result="Passed" start-time="2021-03-18 10:38:50Z" end-time="2021-03-18 10:38:50Z" duration="0.000349" asserts="3" />
        </test-suite>
      </test-suite>
    </test-suite>
  </test-suite>
</test-run>