<?xml version="1.0" encoding="utf-8"?>
<test-run id="2" name="Incapsulation.RationalNumbers.exe" fullname="D:/Prog/programming2020/CS/IncapsulationRationalNumbers/bin/Debug/Incapsulation.RationalNumbers.exe" testcasecount="48" result="Passed" start-time="2021-03-01 15:57:35Z" end-time="2021-03-01 15:57:36Z" duration="0.279047" total="48" passed="48" failed="0" inconclusive="0" skipped="0" asserts="88" random-seed="694717455">
  <command-line><![CDATA["D:\Prog\programming2020\CS\IncapsulationRationalNumbers\bin\Debug\Incapsulation.RationalNumbers.exe"   ]]></command-line>
  <filter />
  <test-suite type="Assembly" id="1053" name="Incapsulation.RationalNumbers.exe" fullname="D:/Prog/programming2020/CS/IncapsulationRationalNumbers/bin/Debug/Incapsulation.RationalNumbers.exe" runstate="Runnable" testcasecount="48" result="Passed" start-time="2021-03-01 15:57:35Z" end-time="2021-03-01 15:57:36Z" duration="0.279047" total="48" passed="48" failed="0" warnings="0" inconclusive="0" skipped="0" asserts="88">
    <environment framework-version="3.6.0.0" clr-version="4.0.30319.42000" os-version="Microsoft Windows NT 6.2.9200.0" platform="Win32NT" cwd="D:\Prog\programming2020\CS\IncapsulationRationalNumbers\bin\Debug" machine-name="HOME" user="Михаил" user-domain="home" culture="ru-RU" uiculture="ru-RU" os-architecture="x86" />
    <settings>
      <setting name="WorkDirectory" value="D:\Prog\programming2020\CS\IncapsulationRationalNumbers\bin\Debug" />
      <setting name="NumberOfTestWorkers" value="4" />
    </settings>
    <properties>
      <property name="_PID" value="8432" />
      <property name="_APPDOMAIN" value="Incapsulation.RationalNumbers.exe" />
    </properties>
    <test-suite type="TestSuite" id="1054" name="Incapsulation" fullname="Incapsulation" runstate="Runnable" testcasecount="48" result="Passed" start-time="2021-03-01 15:57:35Z" end-time="2021-03-01 15:57:36Z" duration="0.267294" total="48" passed="48" failed="0" warnings="0" inconclusive="0" skipped="0" asserts="88">
      <test-suite type="TestSuite" id="1055" name="RationalNumbers" fullname="Incapsulation.RationalNumbers" runstate="Runnable" testcasecount="48" result="Passed" start-time="2021-03-01 15:57:35Z" end-time="2021-03-01 15:57:36Z" duration="0.263233" total="48" passed="48" failed="0" warnings="0" inconclusive="0" skipped="0" asserts="88">
        <test-suite type="TestFixture" id="1000" name="Rational_should" fullname="Incapsulation.RationalNumbers.Rational_should" classname="Incapsulation.RationalNumbers.Rational_should" runstate="Runnable" testcasecount="48" result="Passed" start-time="2021-03-01 15:57:35Z" end-time="2021-03-01 15:57:36Z" duration="0.258302" total="48" passed="48" failed="0" warnings="0" inconclusive="0" skipped="0" asserts="88">
          <test-case id="1004" name="BeCorrectWithZeroNumerator" fullname="Incapsulation.RationalNumbers.Rational_should.BeCorrectWithZeroNumerator" methodname="BeCorrectWithZeroNumerator" classname="Incapsulation.RationalNumbers.Rational_should" runstate="Runnable" seed="2102631435" result="Passed" start-time="2021-03-01 15:57:35Z" end-time="2021-03-01 15:57:35Z" duration="0.014937" asserts="3" />
          <test-case id="1032" name="ConvertFromInt" fullname="Incapsulation.RationalNumbers.Rational_should.ConvertFromInt" methodname="ConvertFromInt" classname="Incapsulation.RationalNumbers.Rational_should" runstate="Runnable" seed="2095263865" result="Passed" start-time="2021-03-01 15:57:35Z" end-time="2021-03-01 15:57:35Z" duration="0.000552" asserts="3" />
          <test-suite type="ParameterizedMethod" id="1031" name="ConvertToDouble" fullname="Incapsulation.RationalNumbers.Rational_should.ConvertToDouble" classname="Incapsulation.RationalNumbers.Rational_should" runstate="Runnable" testcasecount="6" result="Passed" start-time="2021-03-01 15:57:35Z" end-time="2021-03-01 15:57:35Z" duration="0.027029" total="6" passed="6" failed="0" warnings="0" inconclusive="0" skipped="0" asserts="6">
            <test-case id="1025" name="ConvertToDouble(1,2,0.5d)" fullname="Incapsulation.RationalNumbers.Rational_should.ConvertToDouble(1,2,0.5d)" methodname="ConvertToDouble" classname="Incapsulation.RationalNumbers.Rational_should" runstate="Runnable" seed="1205431195" result="Passed" start-time="2021-03-01 15:57:35Z" end-time="2021-03-01 15:57:35Z" duration="0.002717" asserts="1" />
            <test-case id="1026" name="ConvertToDouble(10,5,2.0d)" fullname="Incapsulation.RationalNumbers.Rational_should.ConvertToDouble(10,5,2.0d)" methodname="ConvertToDouble" classname="Incapsulation.RationalNumbers.Rational_should" runstate="Runnable" seed="1945785341" result="Passed" start-time="2021-03-01 15:57:35Z" end-time="2021-03-01 15:57:35Z" duration="0.000071" asserts="1" />
            <test-case id="1027" name="ConvertToDouble(-1,5,-0.2d)" fullname="Incapsulation.RationalNumbers.Rational_should.ConvertToDouble(-1,5,-0.2d)" methodname="ConvertToDouble" classname="Incapsulation.RationalNumbers.Rational_should" runstate="Runnable" seed="1464729806" result="Passed" start-time="2021-03-01 15:57:35Z" end-time="2021-03-01 15:57:35Z" duration="0.000076" asserts="1" />
            <test-case id="1028" name="ConvertToDouble(10,0,double.NaN)" fullname="Incapsulation.RationalNumbers.Rational_should.ConvertToDouble(10,0,double.NaN)" methodname="ConvertToDouble" classname="Incapsulation.RationalNumbers.Rational_should" runstate="Runnable" seed="1531537420" result="Passed" start-time="2021-03-01 15:57:35Z" end-time="2021-03-01 15:57:35Z" duration="0.000101" asserts="1" />
            <test-case id="1029" name="ConvertToDouble(-10,0,double.NaN)" fullname="Incapsulation.RationalNumbers.Rational_should.ConvertToDouble(-10,0,double.NaN)" methodname="ConvertToDouble" classname="Incapsulation.RationalNumbers.Rational_should" runstate="Runnable" seed="1614032766" result="Passed" start-time="2021-03-01 15:57:35Z" end-time="2021-03-01 15:57:35Z" duration="0.000120" asserts="1" />
            <test-case id="1030" name="ConvertToDouble(0,0,double.NaN)" fullname="Incapsulation.RationalNumbers.Rational_should.ConvertToDouble(0,0,double.NaN)" methodname="ConvertToDouble" classname="Incapsulation.RationalNumbers.Rational_should" runstate="Runnable" seed="689368568" result="Passed" start-time="2021-03-01 15:57:35Z" end-time="2021-03-01 15:57:35Z" duration="0.000100" asserts="1" />
          </test-suite>
          <test-case id="1022" name="Divide" fullname="Incapsulation.RationalNumbers.Rational_should.Divide" methodname="Divide" classname="Incapsulation.RationalNumbers.Rational_should" runstate="Runnable" seed="1328377972" result="Passed" start-time="2021-03-01 15:57:35Z" end-time="2021-03-01 15:57:35Z" duration="0.000387" asserts="3" />
          <test-case id="1024" name="DivideToZero" fullname="Incapsulation.RationalNumbers.Rational_should.DivideToZero" methodname="DivideToZero" classname="Incapsulation.RationalNumbers.Rational_should" runstate="Runnable" seed="42392392" result="Passed" start-time="2021-03-01 15:57:35Z" end-time="2021-03-01 15:57:35Z" duration="0.000932" asserts="1" />
          <test-case id="1023" name="DivideWithNan" fullname="Incapsulation.RationalNumbers.Rational_should.DivideWithNan" methodname="DivideWithNan" classname="Incapsulation.RationalNumbers.Rational_should" runstate="Runnable" seed="901901992" result="Passed" start-time="2021-03-01 15:57:35Z" end-time="2021-03-01 15:57:35Z" duration="0.000244" asserts="2" />
          <test-suite type="ParameterizedMethod" id="1045" name="ExplicitlyConvertToInt" fullname="Incapsulation.RationalNumbers.Rational_should.ExplicitlyConvertToInt" classname="Incapsulation.RationalNumbers.Rational_should" runstate="Runnable" testcasecount="12" result="Passed" start-time="2021-03-01 15:57:35Z" end-time="2021-03-01 15:57:35Z" duration="0.049068" total="12" passed="12" failed="0" warnings="0" inconclusive="0" skipped="0" asserts="12">
            <test-case id="1033" name="ExplicitlyConvertToInt(0,1,0)" fullname="Incapsulation.RationalNumbers.Rational_should.ExplicitlyConvertToInt(0,1,0)" methodname="ExplicitlyConvertToInt" classname="Incapsulation.RationalNumbers.Rational_should" runstate="Runnable" seed="1820472659" result="Passed" start-time="2021-03-01 15:57:35Z" end-time="2021-03-01 15:57:35Z" duration="0.000462" asserts="1" />
            <test-case id="1034" name="ExplicitlyConvertToInt(1,1,1)" fullname="Incapsulation.RationalNumbers.Rational_should.ExplicitlyConvertToInt(1,1,1)" methodname="ExplicitlyConvertToInt" classname="Incapsulation.RationalNumbers.Rational_should" runstate="Runnable" seed="1509721824" result="Passed" start-time="2021-03-01 15:57:35Z" end-time="2021-03-01 15:57:35Z" duration="0.000142" asserts="1" />
            <test-case id="1035" name="ExplicitlyConvertToInt(2,1,2)" fullname="Incapsulation.RationalNumbers.Rational_should.ExplicitlyConvertToInt(2,1,2)" methodname="ExplicitlyConvertToInt" classname="Incapsulation.RationalNumbers.Rational_should" runstate="Runnable" seed="284825647" result="Passed" start-time="2021-03-01 15:57:35Z" end-time="2021-03-01 15:57:35Z" duration="0.000139" asserts="1" />
            <test-case id="1036" name="ExplicitlyConvertToInt(3,1,3)" fullname="Incapsulation.RationalNumbers.Rational_should.ExplicitlyConvertToInt(3,1,3)" methodname="ExplicitlyConvertToInt" classname="Incapsulation.RationalNumbers.Rational_should" runstate="Runnable" seed="345942015" result="Passed" start-time="2021-03-01 15:57:35Z" end-time="2021-03-01 15:57:35Z" duration="0.000166" asserts="1" />
            <test-case id="1037" name="ExplicitlyConvertToInt(2,2,1)" fullname="Incapsulation.RationalNumbers.Rational_should.ExplicitlyConvertToInt(2,2,1)" methodname="ExplicitlyConvertToInt" classname="Incapsulation.RationalNumbers.Rational_should" runstate="Runnable" seed="1977231309" result="Passed" start-time="2021-03-01 15:57:35Z" end-time="2021-03-01 15:57:35Z" duration="0.000146" asserts="1" />
            <test-case id="1038" name="ExplicitlyConvertToInt(6,3,2)" fullname="Incapsulation.RationalNumbers.Rational_should.ExplicitlyConvertToInt(6,3,2)" methodname="ExplicitlyConvertToInt" classname="Incapsulation.RationalNumbers.Rational_should" runstate="Runnable" seed="363334535" result="Passed" start-time="2021-03-01 15:57:35Z" end-time="2021-03-01 15:57:35Z" duration="0.000134" asserts="1" />
            <test-case id="1039" name="ExplicitlyConvertToInt(12,2,6)" fullname="Incapsulation.RationalNumbers.Rational_should.ExplicitlyConvertToInt(12,2,6)" methodname="ExplicitlyConvertToInt" classname="Incapsulation.RationalNumbers.Rational_should" runstate="Runnable" seed="1757130887" result="Passed" start-time="2021-03-01 15:57:35Z" end-time="2021-03-01 15:57:35Z" duration="0.000126" asserts="1" />
            <test-case id="1040" name="ExplicitlyConvertToInt(12,3,4)" fullname="Incapsulation.RationalNumbers.Rational_should.ExplicitlyConvertToInt(12,3,4)" methodname="ExplicitlyConvertToInt" classname="Incapsulation.RationalNumbers.Rational_should" runstate="Runnable" seed="1427436567" result="Passed" start-time="2021-03-01 15:57:35Z" end-time="2021-03-01 15:57:35Z" duration="0.000163" asserts="1" />
            <test-case id="1041" name="ExplicitlyConvertToInt(12,4,3)" fullname="Incapsulation.RationalNumbers.Rational_should.ExplicitlyConvertToInt(12,4,3)" methodname="ExplicitlyConvertToInt" classname="Incapsulation.RationalNumbers.Rational_should" runstate="Runnable" seed="540509489" result="Passed" start-time="2021-03-01 15:57:35Z" end-time="2021-03-01 15:57:35Z" duration="0.000125" asserts="1" />
            <test-case id="1042" name="ExplicitlyConvertToInt(12,6,2)" fullname="Incapsulation.RationalNumbers.Rational_should.ExplicitlyConvertToInt(12,6,2)" methodname="ExplicitlyConvertToInt" classname="Incapsulation.RationalNumbers.Rational_should" runstate="Runnable" seed="2138992882" result="Passed" start-time="2021-03-01 15:57:35Z" end-time="2021-03-01 15:57:35Z" duration="0.000120" asserts="1" />
            <test-case id="1043" name="ExplicitlyConvertToInt(12,12,1)" fullname="Incapsulation.RationalNumbers.Rational_should.ExplicitlyConvertToInt(12,12,1)" methodname="ExplicitlyConvertToInt" classname="Incapsulation.RationalNumbers.Rational_should" runstate="Runnable" seed="839964984" result="Passed" start-time="2021-03-01 15:57:35Z" end-time="2021-03-01 15:57:35Z" duration="0.000125" asserts="1" />
            <test-case id="1044" name="ExplicitlyConvertToInt(1000,1,1000)" fullname="Incapsulation.RationalNumbers.Rational_should.ExplicitlyConvertToInt(1000,1,1000)" methodname="ExplicitlyConvertToInt" classname="Incapsulation.RationalNumbers.Rational_should" runstate="Runnable" seed="1759838713" result="Passed" start-time="2021-03-01 15:57:35Z" end-time="2021-03-01 15:57:35Z" duration="0.000129" asserts="1" />
          </test-suite>
          <test-suite type="ParameterizedMethod" id="1052" name="ExplicitlyConvertToIntAndFailsIfNonConvertible" fullname="Incapsulation.RationalNumbers.Rational_should.ExplicitlyConvertToIntAndFailsIfNonConvertible" classname="Incapsulation.RationalNumbers.Rational_should" runstate="Runnable" testcasecount="6" result="Passed" start-time="2021-03-01 15:57:36Z" end-time="2021-03-01 15:57:36Z" duration="0.049066" total="6" passed="6" failed="0" warnings="0" inconclusive="0" skipped="0" asserts="6">
            <test-case id="1046" name="ExplicitlyConvertToIntAndFailsIfNonConvertible(1,2)" fullname="Incapsulation.RationalNumbers.Rational_should.ExplicitlyConvertToIntAndFailsIfNonConvertible(1,2)" methodname="ExplicitlyConvertToIntAndFailsIfNonConvertible" classname="Incapsulation.RationalNumbers.Rational_should" runstate="Runnable" seed="851325523" result="Passed" start-time="2021-03-01 15:57:36Z" end-time="2021-03-01 15:57:36Z" duration="0.025966" asserts="1" />
            <test-case id="1047" name="ExplicitlyConvertToIntAndFailsIfNonConvertible(12,5)" fullname="Incapsulation.RationalNumbers.Rational_should.ExplicitlyConvertToIntAndFailsIfNonConvertible(12,5)" methodname="ExplicitlyConvertToIntAndFailsIfNonConvertible" classname="Incapsulation.RationalNumbers.Rational_should" runstate="Runnable" seed="206472396" result="Passed" start-time="2021-03-01 15:57:36Z" end-time="2021-03-01 15:57:36Z" duration="0.000289" asserts="1" />
            <test-case id="1048" name="ExplicitlyConvertToIntAndFailsIfNonConvertible(12,10)" fullname="Incapsulation.RationalNumbers.Rational_should.ExplicitlyConvertToIntAndFailsIfNonConvertible(12,10)" methodname="ExplicitlyConvertToIntAndFailsIfNonConvertible" classname="Incapsulation.RationalNumbers.Rational_should" runstate="Runnable" seed="538028669" result="Passed" start-time="2021-03-01 15:57:36Z" end-time="2021-03-01 15:57:36Z" duration="0.000161" asserts="1" />
            <test-case id="1049" name="ExplicitlyConvertToIntAndFailsIfNonConvertible(25,8)" fullname="Incapsulation.RationalNumbers.Rational_should.ExplicitlyConvertToIntAndFailsIfNonConvertible(25,8)" methodname="ExplicitlyConvertToIntAndFailsIfNonConvertible" classname="Incapsulation.RationalNumbers.Rational_should" runstate="Runnable" seed="1165258065" result="Passed" start-time="2021-03-01 15:57:36Z" end-time="2021-03-01 15:57:36Z" duration="0.000260" asserts="1" />
            <test-case id="1050" name="ExplicitlyConvertToIntAndFailsIfNonConvertible(2,3)" fullname="Incapsulation.RationalNumbers.Rational_should.ExplicitlyConvertToIntAndFailsIfNonConvertible(2,3)" methodname="ExplicitlyConvertToIntAndFailsIfNonConvertible" classname="Incapsulation.RationalNumbers.Rational_should" runstate="Runnable" seed="1568500127" result="Passed" start-time="2021-03-01 15:57:36Z" end-time="2021-03-01 15:57:36Z" duration="0.000163" asserts="1" />
            <test-case id="1051" name="ExplicitlyConvertToIntAndFailsIfNonConvertible(2,4)" fullname="Incapsulation.RationalNumbers.Rational_should.ExplicitlyConvertToIntAndFailsIfNonConvertible(2,4)" methodname="ExplicitlyConvertToIntAndFailsIfNonConvertible" classname="Incapsulation.RationalNumbers.Rational_should" runstate="Runnable" seed="1736614776" result="Passed" start-time="2021-03-01 15:57:36Z" end-time="2021-03-01 15:57:36Z" duration="0.000191" asserts="1" />
          </test-suite>
          <test-suite type="ParameterizedMethod" id="1015" name="InitializeAndReduce1" fullname="Incapsulation.RationalNumbers.Rational_should.InitializeAndReduce1" classname="Incapsulation.RationalNumbers.Rational_should" runstate="Runnable" testcasecount="10" result="Passed" start-time="2021-03-01 15:57:36Z" end-time="2021-03-01 15:57:36Z" duration="0.040037" total="10" passed="10" failed="0" warnings="0" inconclusive="0" skipped="0" asserts="30">
            <test-case id="1005" name="InitializeAndReduce1(1,2,2,4)" fullname="Incapsulation.RationalNumbers.Rational_should.InitializeAndReduce1(1,2,2,4)" methodname="InitializeAndReduce1" classname="Incapsulation.RationalNumbers.Rational_should" runstate="Runnable" seed="518978171" result="Passed" start-time="2021-03-01 15:57:36Z" end-time="2021-03-01 15:57:36Z" duration="0.000264" asserts="3" />
            <test-case id="1006" name="InitializeAndReduce1(-1,2,-2,4)" fullname="Incapsulation.RationalNumbers.Rational_should.InitializeAndReduce1(-1,2,-2,4)" methodname="InitializeAndReduce1" classname="Incapsulation.RationalNumbers.Rational_should" runstate="Runnable" seed="896432247" result="Passed" start-time="2021-03-01 15:57:36Z" end-time="2021-03-01 15:57:36Z" duration="0.000180" asserts="3" />
            <test-case id="1007" name="InitializeAndReduce1(-1,2,2,-4)" fullname="Incapsulation.RationalNumbers.Rational_should.InitializeAndReduce1(-1,2,2,-4)" methodname="InitializeAndReduce1" classname="Incapsulation.RationalNumbers.Rational_should" runstate="Runnable" seed="1611641258" result="Passed" start-time="2021-03-01 15:57:36Z" end-time="2021-03-01 15:57:36Z" duration="0.000137" asserts="3" />
            <test-case id="1008" name="InitializeAndReduce1(1,2,-2,-4)" fullname="Incapsulation.RationalNumbers.Rational_should.InitializeAndReduce1(1,2,-2,-4)" methodname="InitializeAndReduce1" classname="Incapsulation.RationalNumbers.Rational_should" runstate="Runnable" seed="583961220" result="Passed" start-time="2021-03-01 15:57:36Z" end-time="2021-03-01 15:57:36Z" duration="0.000128" asserts="3" />
            <test-case id="1009" name="InitializeAndReduce1(1,2,1,2)" fullname="Incapsulation.RationalNumbers.Rational_should.InitializeAndReduce1(1,2,1,2)" methodname="InitializeAndReduce1" classname="Incapsulation.RationalNumbers.Rational_should" runstate="Runnable" seed="1588050964" result="Passed" start-time="2021-03-01 15:57:36Z" end-time="2021-03-01 15:57:36Z" duration="0.000159" asserts="3" />
            <test-case id="1010" name="InitializeAndReduce1(1,2,8,16)" fullname="Incapsulation.RationalNumbers.Rational_should.InitializeAndReduce1(1,2,8,16)" methodname="InitializeAndReduce1" classname="Incapsulation.RationalNumbers.Rational_should" runstate="Runnable" seed="2004732161" result="Passed" start-time="2021-03-01 15:57:36Z" end-time="2021-03-01 15:57:36Z" duration="0.000143" asserts="3" />
            <test-case id="1011" name="InitializeAndReduce1(2,3,10,15)" fullname="Incapsulation.RationalNumbers.Rational_should.InitializeAndReduce1(2,3,10,15)" methodname="InitializeAndReduce1" classname="Incapsulation.RationalNumbers.Rational_should" runstate="Runnable" seed="306014624" result="Passed" start-time="2021-03-01 15:57:36Z" end-time="2021-03-01 15:57:36Z" duration="0.000150" asserts="3" />
            <test-case id="1012" name="InitializeAndReduce1(4,7,16,28)" fullname="Incapsulation.RationalNumbers.Rational_should.InitializeAndReduce1(4,7,16,28)" methodname="InitializeAndReduce1" classname="Incapsulation.RationalNumbers.Rational_should" runstate="Runnable" seed="319761311" result="Passed" start-time="2021-03-01 15:57:36Z" end-time="2021-03-01 15:57:36Z" duration="0.000147" asserts="3" />
            <test-case id="1013" name="InitializeAndReduce1(3,256,12,1024)" fullname="Incapsulation.RationalNumbers.Rational_should.InitializeAndReduce1(3,256,12,1024)" methodname="InitializeAndReduce1" classname="Incapsulation.RationalNumbers.Rational_should" runstate="Runnable" seed="870414986" result="Passed" start-time="2021-03-01 15:57:36Z" end-time="2021-03-01 15:57:36Z" duration="0.000176" asserts="3" />
            <test-case id="1014" name="InitializeAndReduce1(1,1,1,1)" fullname="Incapsulation.RationalNumbers.Rational_should.InitializeAndReduce1(1,1,1,1)" methodname="InitializeAndReduce1" classname="Incapsulation.RationalNumbers.Rational_should" runstate="Runnable" seed="1305307531" result="Passed" start-time="2021-03-01 15:57:36Z" end-time="2021-03-01 15:57:36Z" duration="0.000120" asserts="3" />
          </test-suite>
          <test-case id="1001" name="InitializeSimpleRatioCorrectly" fullname="Incapsulation.RationalNumbers.Rational_should.InitializeSimpleRatioCorrectly" methodname="InitializeSimpleRatioCorrectly" classname="Incapsulation.RationalNumbers.Rational_should" runstate="Runnable" seed="1347038607" result="Passed" start-time="2021-03-01 15:57:36Z" end-time="2021-03-01 15:57:36Z" duration="0.000248" asserts="3" />
          <test-case id="1002" name="InitializeWithoutDenominator" fullname="Incapsulation.RationalNumbers.Rational_should.InitializeWithoutDenominator" methodname="InitializeWithoutDenominator" classname="Incapsulation.RationalNumbers.Rational_should" runstate="Runnable" seed="1935588024" result="Passed" start-time="2021-03-01 15:57:36Z" end-time="2021-03-01 15:57:36Z" duration="0.000283" asserts="3" />
          <test-case id="1003" name="InitializeWithZeroDenominator" fullname="Incapsulation.RationalNumbers.Rational_should.InitializeWithZeroDenominator" methodname="InitializeWithZeroDenominator" classname="Incapsulation.RationalNumbers.Rational_should" runstate="Runnable" seed="724572521" result="Passed" start-time="2021-03-01 15:57:36Z" end-time="2021-03-01 15:57:36Z" duration="0.000200" asserts="1" />
          <test-case id="1020" name="Multiply" fullname="Incapsulation.RationalNumbers.Rational_should.Multiply" methodname="Multiply" classname="Incapsulation.RationalNumbers.Rational_should" runstate="Runnable" seed="1519668155" result="Passed" start-time="2021-03-01 15:57:36Z" end-time="2021-03-01 15:57:36Z" duration="0.000360" asserts="3" />
          <test-case id="1021" name="MultiplyWithNan" fullname="Incapsulation.RationalNumbers.Rational_should.MultiplyWithNan" methodname="MultiplyWithNan" classname="Incapsulation.RationalNumbers.Rational_should" runstate="Runnable" seed="1647748287" result="Passed" start-time="2021-03-01 15:57:36Z" end-time="2021-03-01 15:57:36Z" duration="0.000287" asserts="2" />
          <test-case id="1018" name="Subtract" fullname="Incapsulation.RationalNumbers.Rational_should.Subtract" methodname="Subtract" classname="Incapsulation.RationalNumbers.Rational_should" runstate="Runnable" seed="1702533043" result="Passed" start-time="2021-03-01 15:57:36Z" end-time="2021-03-01 15:57:36Z" duration="0.000643" asserts="3" />
          <test-case id="1019" name="SubtractWithNan" fullname="Incapsulation.RationalNumbers.Rational_should.SubtractWithNan" methodname="SubtractWithNan" classname="Incapsulation.RationalNumbers.Rational_should" runstate="Runnable" seed="1201834250" result="Passed" start-time="2021-03-01 15:57:36Z" end-time="2021-03-01 15:57:36Z" duration="0.000271" asserts="2" />
          <test-case id="1016" name="Sum" fullname="Incapsulation.RationalNumbers.Rational_should.Sum" methodname="Sum" classname="Incapsulation.RationalNumbers.Rational_should" runstate="Runnable" seed="663465197" result="Passed" start-time="2021-03-01 15:57:36Z" end-time="2021-03-01 15:57:36Z" duration="0.000507" asserts="3" />
          <test-case id="1017" name="SumWithNan" fullname="Incapsulation.RationalNumbers.Rational_should.SumWithNan" methodname="SumWithNan" classname="Incapsulation.RationalNumbers.Rational_should" runstate="Runnable" seed="1548996044" result="Passed" start-time="2021-03-01 15:57:36Z" end-time="2021-03-01 15:57:36Z" duration="0.000257" asserts="2" />
        </test-suite>
      </test-suite>
    </test-suite>
  </test-suite>
</test-run>